# JRE version: OpenJDK Runtime Environment (8.0_152-b01) (build 1.8.0_152-release-1248-b01)
# Java VM: OpenJDK 64-Bit Server VM (25.152-b01 mixed mode windows-amd64 compressed oops)
Heap:
 PSYoungGen      total 110080K, used 84357K [0x00000000e0000000, 0x00000000e7780000, 0x0000000100000000)
  eden space 99328K, 84% used [0x00000000e0000000,0x00000000e5261748,0x00000000e6100000)
  from space 10752K, 0% used [0x00000000e6b80000,0x00000000e6b80000,0x00000000e7600000)
  to   space 10752K, 0% used [0x00000000e6100000,0x00000000e6100000,0x00000000e6b80000)
 ParOldGen       total 61440K, used 16158K [0x00000000a0000000, 0x00000000a3c00000, 0x00000000e0000000)
  object space 61440K, 26% used [0x00000000a0000000,0x00000000a0fc78c0,0x00000000a3c00000)
 Metaspace       used 39733K, capacity 40488K, committed 40792K, reserved 1085440K
  class space    used 5403K, capacity 5656K, committed 5760K, reserved 1048576K
GC Heap History (10 events):
Event: 3.207 GC heap before
{Heap before GC invocations=6 (full 1):
 PSYoungGen      total 71680K, used 5096K [0x00000000e0000000, 0x00000000e4b00000, 0x0000000100000000)
  eden space 66560K, 0% used [0x00000000e0000000,0x00000000e0000000,0x00000000e4100000)
  from space 5120K, 99% used [0x00000000e4100000,0x00000000e45fa050,0x00000000e4600000)
  to   space 5120K, 0% used [0x00000000e4600000,0x00000000e4600000,0x00000000e4b00000)
 ParOldGen       total 87552K, used 8950K [0x00000000a0000000, 0x00000000a5580000, 0x00000000e0000000)
  object space 87552K, 10% used [0x00000000a0000000,0x00000000a08bdad8,0x00000000a5580000)
 Metaspace       used 20796K, capacity 21218K, committed 21248K, reserved 1067008K
  class space    used 2897K, capacity 3043K, committed 3072K, reserved 1048576K
Event: 3.259 GC heap after
Heap after GC invocations=6 (full 1):
 PSYoungGen      total 71680K, used 0K [0x00000000e0000000, 0x00000000e4b00000, 0x0000000100000000)
  eden space 66560K, 0% used [0x00000000e0000000,0x00000000e0000000,0x00000000e4100000)
  from space 5120K, 0% used [0x00000000e4100000,0x00000000e4100000,0x00000000e4600000)
  to   space 5120K, 0% used [0x00000000e4600000,0x00000000e4600000,0x00000000e4b00000)
 ParOldGen       total 61440K, used 8177K [0x00000000a0000000, 0x00000000a3c00000, 0x00000000e0000000)
  object space 61440K, 13% used [0x00000000a0000000,0x00000000a07fc4d0,0x00000000a3c00000)
 Metaspace       used 20796K, capacity 21218K, committed 21248K, reserved 1067008K
  class space    used 2897K, capacity 3043K, committed 3072K, reserved 1048576K
}
Event: 4.201 GC heap before
{Heap before GC invocations=7 (full 1):
 PSYoungGen      total 71680K, used 66560K [0x00000000e0000000, 0x00000000e4b00000, 0x0000000100000000)
  eden space 66560K, 100% used [0x00000000e0000000,0x00000000e4100000,0x00000000e4100000)
  from space 5120K, 0% used [0x00000000e4100000,0x00000000e4100000,0x00000000e4600000)
  to   space 5120K, 0% used [0x00000000e4600000,0x00000000e4600000,0x00000000e4b00000)
 ParOldGen       total 61440K, used 8177K [0x00000000a0000000, 0x00000000a3c00000, 0x00000000e0000000)
  object space 61440K, 13% used [0x00000000a0000000,0x00000000a07fc4d0,0x00000000a3c00000)
 Metaspace       used 26680K, capacity 27138K, committed 27392K, reserved 1073152K
  class space    used 3682K, capacity 3834K, committed 3840K, reserved 1048576K
Event: 4.210 GC heap after
Heap after GC invocations=7 (full 1):
 PSYoungGen      total 71680K, used 5095K [0x00000000e0000000, 0x00000000e4b00000, 0x0000000100000000)
  eden space 66560K, 0% used [0x00000000e0000000,0x00000000e0000000,0x00000000e4100000)
  from space 5120K, 99% used [0x00000000e4600000,0x00000000e4af9f78,0x00000000e4b00000)
  to   space 5120K, 0% used [0x00000000e4100000,0x00000000e4100000,0x00000000e4600000)
 ParOldGen       total 61440K, used 10513K [0x00000000a0000000, 0x00000000a3c00000, 0x00000000e0000000)
  object space 61440K, 17% used [0x00000000a0000000,0x00000000a0a445e8,0x00000000a3c00000)
 Metaspace       used 26680K, capacity 27138K, committed 27392K, reserved 1073152K
  class space    used 3682K, capacity 3834K, committed 3840K, reserved 1048576K
}
Event: 5.199 GC heap before
{Heap before GC invocations=8 (full 1):
 PSYoungGen      total 71680K, used 71655K [0x00000000e0000000, 0x00000000e4b00000, 0x0000000100000000)
  eden space 66560K, 100% used [0x00000000e0000000,0x00000000e4100000,0x00000000e4100000)
  from space 5120K, 99% used [0x00000000e4600000,0x00000000e4af9f78,0x00000000e4b00000)
  to   space 5120K, 0% used [0x00000000e4100000,0x00000000e4100000,0x00000000e4600000)
 ParOldGen       total 61440K, used 10513K [0x00000000a0000000, 0x00000000a3c00000, 0x00000000e0000000)
  object space 61440K, 17% used [0x00000000a0000000,0x00000000a0a445e8,0x00000000a3c00000)
 Metaspace       used 30321K, capacity 30856K, committed 31104K, reserved 1075200K
  class space    used 4244K, capacity 4435K, committed 4480K, reserved 1048576K
Event: 5.213 GC heap after
Heap after GC invocations=8 (full 1):
 PSYoungGen      total 71680K, used 5104K [0x00000000e0000000, 0x00000000e7600000, 0x0000000100000000)
  eden space 66560K, 0% used [0x00000000e0000000,0x00000000e0000000,0x00000000e4100000)
  from space 5120K, 99% used [0x00000000e4100000,0x00000000e45fc010,0x00000000e4600000)
  to   space 10752K, 0% used [0x00000000e6b80000,0x00000000e6b80000,0x00000000e7600000)
 ParOldGen       total 61440K, used 15029K [0x00000000a0000000, 0x00000000a3c00000, 0x00000000e0000000)
  object space 61440K, 24% used [0x00000000a0000000,0x00000000a0ead448,0x00000000a3c00000)
 Metaspace       used 30321K, capacity 30856K, committed 31104K, reserved 1075200K
  class space    used 4244K, capacity 4435K, committed 4480K, reserved 1048576K
}
Event: 5.546 GC heap before
{Heap before GC invocations=9 (full 1):
 PSYoungGen      total 71680K, used 25795K [0x00000000e0000000, 0x00000000e7600000, 0x0000000100000000)
  eden space 66560K, 31% used [0x00000000e0000000,0x00000000e1434e20,0x00000000e4100000)
  from space 5120K, 99% used [0x00000000e4100000,0x00000000e45fc010,0x00000000e4600000)
  to   space 10752K, 0% used [0x00000000e6b80000,0x00000000e6b80000,0x00000000e7600000)
 ParOldGen       total 61440K, used 15029K [0x00000000a0000000, 0x00000000a3c00000, 0x00000000e0000000)
  object space 61440K, 24% used [0x00000000a0000000,0x00000000a0ead448,0x00000000a3c00000)
 Metaspace       used 34673K, capacity 35200K, committed 35416K, reserved 1079296K
  class space    used 4786K, capacity 4972K, committed 4992K, reserved 1048576K
Event: 5.553 GC heap after
Heap after GC invocations=9 (full 1):
 PSYoungGen      total 110080K, used 8369K [0x00000000e0000000, 0x00000000e7780000, 0x0000000100000000)
  eden space 99328K, 0% used [0x00000000e0000000,0x00000000e0000000,0x00000000e6100000)
  from space 10752K, 77% used [0x00000000e6b80000,0x00000000e73ac478,0x00000000e7600000)
  to   space 10752K, 0% used [0x00000000e6100000,0x00000000e6100000,0x00000000e6b80000)
 ParOldGen       total 61440K, used 15037K [0x00000000a0000000, 0x00000000a3c00000, 0x00000000e0000000)
  object space 61440K, 24% used [0x00000000a0000000,0x00000000a0eaf448,0x00000000a3c00000)
 Metaspace       used 34673K, capacity 35200K, committed 35416K, reserved 1079296K
  class space    used 4786K, capacity 4972K, committed 4992K, reserved 1048576K
}
Event: 5.553 GC heap before
{Heap before GC invocations=10 (full 2):
 PSYoungGen      total 110080K, used 8369K [0x00000000e0000000, 0x00000000e7780000, 0x0000000100000000)
  eden space 99328K, 0% used [0x00000000e0000000,0x00000000e0000000,0x00000000e6100000)
  from space 10752K, 77% used [0x00000000e6b80000,0x00000000e73ac478,0x00000000e7600000)
  to   space 10752K, 0% used [0x00000000e6100000,0x00000000e6100000,0x00000000e6b80000)
 ParOldGen       total 61440K, used 15037K [0x00000000a0000000, 0x00000000a3c00000, 0x00000000e0000000)
  object space 61440K, 24% used [0x00000000a0000000,0x00000000a0eaf448,0x00000000a3c00000)
 Metaspace       used 34673K, capacity 35200K, committed 35416K, reserved 1079296K
  class space    used 4786K, capacity 4972K, committed 4992K, reserved 1048576K
Event: 5.647 GC heap after
Heap after GC invocations=10 (full 2):
 PSYoungGen      total 110080K, used 0K [0x00000000e0000000, 0x00000000e7780000, 0x0000000100000000)
  eden space 99328K, 0% used [0x00000000e0000000,0x00000000e0000000,0x00000000e6100000)
  from space 10752K, 0% used [0x00000000e6b80000,0x00000000e6b80000,0x00000000e7600000)
  to   space 10752K, 0% used [0x00000000e6100000,0x00000000e6100000,0x00000000e6b80000)
 ParOldGen       total 61440K, used 16158K [0x00000000a0000000, 0x00000000a3c00000, 0x00000000e0000000)
  object space 61440K, 26% used [0x00000000a0000000,0x00000000a0fc78c0,0x00000000a3c00000)
 Metaspace       used 34673K, capacity 35200K, committed 35416K, reserved 1079296K
  class space    used 4786K, capacity 4972K, committed 4992K, reserved 1048576K
}

