# JRE version: OpenJDK Runtime Environment (8.0_152-b01) (build 1.8.0_152-release-1248-b01)
# Java VM: OpenJDK 64-Bit Server VM (25.152-b01 mixed mode windows-amd64 compressed oops)
Heap:
 PSYoungGen      total 38400K, used 6738K [0x00000000e0000000, 0x00000000e4580000, 0x0000000100000000)
  eden space 33280K, 5% used [0x00000000e0000000,0x00000000e01b4be8,0x00000000e2080000)
  from space 5120K, 97% used [0x00000000e2080000,0x00000000e255fcd0,0x00000000e2580000)
  to   space 10240K, 0% used [0x00000000e3b80000,0x00000000e3b80000,0x00000000e4580000)
 ParOldGen       total 60416K, used 8244K [0x00000000a0000000, 0x00000000a3b00000, 0x00000000e0000000)
  object space 60416K, 13% used [0x00000000a0000000,0x00000000a080d2d8,0x00000000a3b00000)
 Metaspace       used 26759K, capacity 27298K, committed 27520K, reserved 1073152K
  class space    used 3699K, capacity 3866K, committed 3968K, reserved 1048576K
GC Heap History (10 events):
Event: 3.288 GC heap before
{Heap before GC invocations=4 (full 0):
 PSYoungGen      total 38400K, used 38379K [0x00000000e0000000, 0x00000000e2a80000, 0x0000000100000000)
  eden space 33280K, 100% used [0x00000000e0000000,0x00000000e2080000,0x00000000e2080000)
  from space 5120K, 99% used [0x00000000e2080000,0x00000000e257ad20,0x00000000e2580000)
  to   space 5120K, 0% used [0x00000000e2580000,0x00000000e2580000,0x00000000e2a80000)
 ParOldGen       total 87552K, used 3057K [0x00000000a0000000, 0x00000000a5580000, 0x00000000e0000000)
  object space 87552K, 3% used [0x00000000a0000000,0x00000000a02fc6b8,0x00000000a5580000)
 Metaspace       used 17584K, capacity 18018K, committed 18048K, reserved 1064960K
  class space    used 2530K, capacity 2659K, committed 2688K, reserved 1048576K
Event: 3.300 GC heap after
Heap after GC invocations=4 (full 0):
 PSYoungGen      total 38400K, used 5112K [0x00000000e0000000, 0x00000000e2a80000, 0x0000000100000000)
  eden space 33280K, 0% used [0x00000000e0000000,0x00000000e0000000,0x00000000e2080000)
  from space 5120K, 99% used [0x00000000e2580000,0x00000000e2a7e030,0x00000000e2a80000)
  to   space 5120K, 0% used [0x00000000e2080000,0x00000000e2080000,0x00000000e2580000)
 ParOldGen       total 87552K, used 6565K [0x00000000a0000000, 0x00000000a5580000, 0x00000000e0000000)
  object space 87552K, 7% used [0x00000000a0000000,0x00000000a0669400,0x00000000a5580000)
 Metaspace       used 17584K, capacity 18018K, committed 18048K, reserved 1064960K
  class space    used 2530K, capacity 2659K, committed 2688K, reserved 1048576K
}
Event: 3.547 GC heap before
{Heap before GC invocations=5 (full 0):
 PSYoungGen      total 38400K, used 19458K [0x00000000e0000000, 0x00000000e2a80000, 0x0000000100000000)
  eden space 33280K, 43% used [0x00000000e0000000,0x00000000e0e02860,0x00000000e2080000)
  from space 5120K, 99% used [0x00000000e2580000,0x00000000e2a7e030,0x00000000e2a80000)
  to   space 5120K, 0% used [0x00000000e2080000,0x00000000e2080000,0x00000000e2580000)
 ParOldGen       total 87552K, used 6565K [0x00000000a0000000, 0x00000000a5580000, 0x00000000e0000000)
  object space 87552K, 7% used [0x00000000a0000000,0x00000000a0669400,0x00000000a5580000)
 Metaspace       used 20863K, capacity 21218K, committed 21248K, reserved 1067008K
  class space    used 2910K, capacity 3043K, committed 3072K, reserved 1048576K
Event: 3.556 GC heap after
Heap after GC invocations=5 (full 0):
 PSYoungGen      total 38400K, used 5096K [0x00000000e0000000, 0x00000000e2a80000, 0x0000000100000000)
  eden space 33280K, 0% used [0x00000000e0000000,0x00000000e0000000,0x00000000e2080000)
  from space 5120K, 99% used [0x00000000e2080000,0x00000000e257a050,0x00000000e2580000)
  to   space 5120K, 0% used [0x00000000e2580000,0x00000000e2580000,0x00000000e2a80000)
 ParOldGen       total 87552K, used 9091K [0x00000000a0000000, 0x00000000a5580000, 0x00000000e0000000)
  object space 87552K, 10% used [0x00000000a0000000,0x00000000a08e0cb0,0x00000000a5580000)
 Metaspace       used 20863K, capacity 21218K, committed 21248K, reserved 1067008K
  class space    used 2910K, capacity 3043K, committed 3072K, reserved 1048576K
}
Event: 3.556 GC heap before
{Heap before GC invocations=6 (full 1):
 PSYoungGen      total 38400K, used 5096K [0x00000000e0000000, 0x00000000e2a80000, 0x0000000100000000)
  eden space 33280K, 0% used [0x00000000e0000000,0x00000000e0000000,0x00000000e2080000)
  from space 5120K, 99% used [0x00000000e2080000,0x00000000e257a050,0x00000000e2580000)
  to   space 5120K, 0% used [0x00000000e2580000,0x00000000e2580000,0x00000000e2a80000)
 ParOldGen       total 87552K, used 9091K [0x00000000a0000000, 0x00000000a5580000, 0x00000000e0000000)
  object space 87552K, 10% used [0x00000000a0000000,0x00000000a08e0cb0,0x00000000a5580000)
 Metaspace       used 20863K, capacity 21218K, committed 21248K, reserved 1067008K
  class space    used 2910K, capacity 3043K, committed 3072K, reserved 1048576K
Event: 3.604 GC heap after
Heap after GC invocations=6 (full 1):
 PSYoungGen      total 38400K, used 0K [0x00000000e0000000, 0x00000000e2a80000, 0x0000000100000000)
  eden space 33280K, 0% used [0x00000000e0000000,0x00000000e0000000,0x00000000e2080000)
  from space 5120K, 0% used [0x00000000e2080000,0x00000000e2080000,0x00000000e2580000)
  to   space 5120K, 0% used [0x00000000e2580000,0x00000000e2580000,0x00000000e2a80000)
 ParOldGen       total 60416K, used 8228K [0x00000000a0000000, 0x00000000a3b00000, 0x00000000e0000000)
  object space 60416K, 13% used [0x00000000a0000000,0x00000000a08092d8,0x00000000a3b00000)
 Metaspace       used 20863K, capacity 21218K, committed 21248K, reserved 1067008K
  class space    used 2910K, capacity 3043K, committed 3072K, reserved 1048576K
}
Event: 4.154 GC heap before
{Heap before GC invocations=7 (full 1):
 PSYoungGen      total 38400K, used 33280K [0x00000000e0000000, 0x00000000e2a80000, 0x0000000100000000)
  eden space 33280K, 100% used [0x00000000e0000000,0x00000000e2080000,0x00000000e2080000)
  from space 5120K, 0% used [0x00000000e2080000,0x00000000e2080000,0x00000000e2580000)
  to   space 5120K, 0% used [0x00000000e2580000,0x00000000e2580000,0x00000000e2a80000)
 ParOldGen       total 60416K, used 8228K [0x00000000a0000000, 0x00000000a3b00000, 0x00000000e0000000)
  object space 60416K, 13% used [0x00000000a0000000,0x00000000a08092d8,0x00000000a3b00000)
 Metaspace       used 24195K, capacity 24658K, committed 24832K, reserved 1071104K
  class space    used 3333K, capacity 3500K, committed 3584K, reserved 1048576K
Event: 4.159 GC heap after
Heap after GC invocations=7 (full 1):
 PSYoungGen      total 38400K, used 4131K [0x00000000e0000000, 0x00000000e2a80000, 0x0000000100000000)
  eden space 33280K, 0% used [0x00000000e0000000,0x00000000e0000000,0x00000000e2080000)
  from space 5120K, 80% used [0x00000000e2580000,0x00000000e2988ee8,0x00000000e2a80000)
  to   space 5120K, 0% used [0x00000000e2080000,0x00000000e2080000,0x00000000e2580000)
 ParOldGen       total 60416K, used 8236K [0x00000000a0000000, 0x00000000a3b00000, 0x00000000e0000000)
  object space 60416K, 13% used [0x00000000a0000000,0x00000000a080b2d8,0x00000000a3b00000)
 Metaspace       used 24195K, capacity 24658K, committed 24832K, reserved 1071104K
  class space    used 3333K, capacity 3500K, committed 3584K, reserved 1048576K
}
Event: 4.706 GC heap before
{Heap before GC invocations=8 (full 1):
 PSYoungGen      total 38400K, used 37411K [0x00000000e0000000, 0x00000000e2a80000, 0x0000000100000000)
  eden space 33280K, 100% used [0x00000000e0000000,0x00000000e2080000,0x00000000e2080000)
  from space 5120K, 80% used [0x00000000e2580000,0x00000000e2988ee8,0x00000000e2a80000)
  to   space 5120K, 0% used [0x00000000e2080000,0x00000000e2080000,0x00000000e2580000)
 ParOldGen       total 60416K, used 8236K [0x00000000a0000000, 0x00000000a3b00000, 0x00000000e0000000)
  object space 60416K, 13% used [0x00000000a0000000,0x00000000a080b2d8,0x00000000a3b00000)
 Metaspace       used 26692K, capacity 27234K, committed 27520K, reserved 1073152K
  class space    used 3688K, capacity 3866K, committed 3968K, reserved 1048576K
Event: 4.712 GC heap after
Heap after GC invocations=8 (full 1):
 PSYoungGen      total 38400K, used 4991K [0x00000000e0000000, 0x00000000e4580000, 0x0000000100000000)
  eden space 33280K, 0% used [0x00000000e0000000,0x00000000e0000000,0x00000000e2080000)
  from space 5120K, 97% used [0x00000000e2080000,0x00000000e255fcd0,0x00000000e2580000)
  to   space 10240K, 0% used [0x00000000e3b80000,0x00000000e3b80000,0x00000000e4580000)
 ParOldGen       total 60416K, used 8244K [0x00000000a0000000, 0x00000000a3b00000, 0x00000000e0000000)
  object space 60416K, 13% used [0x00000000a0000000,0x00000000a080d2d8,0x00000000a3b00000)
 Metaspace       used 26692K, capacity 27234K, committed 27520K, reserved 1073152K
  class space    used 3688K, capacity 3866K, committed 3968K, reserved 1048576K
}

