# JRE version: OpenJDK Runtime Environment (8.0_152-b01) (build 1.8.0_152-release-1248-b01)
# Java VM: OpenJDK 64-Bit Server VM (25.152-b01 mixed mode windows-amd64 compressed oops)
Heap:
 PSYoungGen      total 250368K, used 40524K [0x00000000e0000000, 0x00000000f1d00000, 0x0000000100000000)
  eden space 224256K, 6% used [0x00000000e0000000,0x00000000e0e18038,0x00000000edb00000)
  from space 26112K, 99% used [0x00000000efb00000,0x00000000f147b0d0,0x00000000f1480000)
  to   space 32768K, 0% used [0x00000000edb00000,0x00000000edb00000,0x00000000efb00000)
 ParOldGen       total 147968K, used 50612K [0x00000000a0000000, 0x00000000a9080000, 0x00000000e0000000)
  object space 147968K, 34% used [0x00000000a0000000,0x00000000a316d188,0x00000000a9080000)
 Metaspace       used 70433K, capacity 72490K, committed 72536K, reserved 1112064K
  class space    used 9319K, capacity 9816K, committed 9856K, reserved 1048576K
GC Heap History (10 events):
Event: 12.674 GC heap before
{Heap before GC invocations=11 (full 2):
 PSYoungGen      total 175104K, used 175085K [0x00000000e0000000, 0x00000000ecd80000, 0x0000000100000000)
  eden space 162816K, 100% used [0x00000000e0000000,0x00000000e9f00000,0x00000000e9f00000)
  from space 12288K, 99% used [0x00000000ead80000,0x00000000eb97b7a8,0x00000000eb980000)
  to   space 14848K, 0% used [0x00000000e9f00000,0x00000000e9f00000,0x00000000ead80000)
 ParOldGen       total 98304K, used 21252K [0x00000000a0000000, 0x00000000a6000000, 0x00000000e0000000)
  object space 98304K, 21% used [0x00000000a0000000,0x00000000a14c10b0,0x00000000a6000000)
 Metaspace       used 56448K, capacity 58078K, committed 58328K, reserved 1099776K
  class space    used 7717K, capacity 8158K, committed 8192K, reserved 1048576K
Event: 12.697 GC heap after
Heap after GC invocations=11 (full 2):
 PSYoungGen      total 177664K, used 14847K [0x00000000e0000000, 0x00000000ee780000, 0x0000000100000000)
  eden space 162816K, 0% used [0x00000000e0000000,0x00000000e0000000,0x00000000e9f00000)
  from space 14848K, 99% used [0x00000000e9f00000,0x00000000ead7fe10,0x00000000ead80000)
  to   space 20480K, 0% used [0x00000000ed380000,0x00000000ed380000,0x00000000ee780000)
 ParOldGen       total 98304K, used 30958K [0x00000000a0000000, 0x00000000a6000000, 0x00000000e0000000)
  object space 98304K, 31% used [0x00000000a0000000,0x00000000a1e3b9f0,0x00000000a6000000)
 Metaspace       used 56448K, capacity 58078K, committed 58328K, reserved 1099776K
  class space    used 7717K, capacity 8158K, committed 8192K, reserved 1048576K
}
Event: 15.403 GC heap before
{Heap before GC invocations=12 (full 2):
 PSYoungGen      total 177664K, used 86704K [0x00000000e0000000, 0x00000000ee780000, 0x0000000100000000)
  eden space 162816K, 44% used [0x00000000e0000000,0x00000000e462c248,0x00000000e9f00000)
  from space 14848K, 99% used [0x00000000e9f00000,0x00000000ead7fe10,0x00000000ead80000)
  to   space 20480K, 0% used [0x00000000ed380000,0x00000000ed380000,0x00000000ee780000)
 ParOldGen       total 98304K, used 30958K [0x00000000a0000000, 0x00000000a6000000, 0x00000000e0000000)
  object space 98304K, 31% used [0x00000000a0000000,0x00000000a1e3b9f0,0x00000000a6000000)
 Metaspace       used 57112K, capacity 58748K, committed 58968K, reserved 1099776K
  class space    used 7779K, capacity 8205K, committed 8320K, reserved 1048576K
Event: 15.426 GC heap after
Heap after GC invocations=12 (full 2):
 PSYoungGen      total 214528K, used 12611K [0x00000000e0000000, 0x00000000ee680000, 0x0000000100000000)
  eden space 195072K, 0% used [0x00000000e0000000,0x00000000e0000000,0x00000000ebe80000)
  from space 19456K, 64% used [0x00000000ed380000,0x00000000edfd0e48,0x00000000ee680000)
  to   space 20480K, 0% used [0x00000000ebe80000,0x00000000ebe80000,0x00000000ed280000)
 ParOldGen       total 98304K, used 37649K [0x00000000a0000000, 0x00000000a6000000, 0x00000000e0000000)
  object space 98304K, 38% used [0x00000000a0000000,0x00000000a24c46a0,0x00000000a6000000)
 Metaspace       used 57112K, capacity 58748K, committed 58968K, reserved 1099776K
  class space    used 7779K, capacity 8205K, committed 8320K, reserved 1048576K
}
Event: 15.426 GC heap before
{Heap before GC invocations=13 (full 3):
 PSYoungGen      total 214528K, used 12611K [0x00000000e0000000, 0x00000000ee680000, 0x0000000100000000)
  eden space 195072K, 0% used [0x00000000e0000000,0x00000000e0000000,0x00000000ebe80000)
  from space 19456K, 64% used [0x00000000ed380000,0x00000000edfd0e48,0x00000000ee680000)
  to   space 20480K, 0% used [0x00000000ebe80000,0x00000000ebe80000,0x00000000ed280000)
 ParOldGen       total 98304K, used 37649K [0x00000000a0000000, 0x00000000a6000000, 0x00000000e0000000)
  object space 98304K, 38% used [0x00000000a0000000,0x00000000a24c46a0,0x00000000a6000000)
 Metaspace       used 57112K, capacity 58748K, committed 58968K, reserved 1099776K
  class space    used 7779K, capacity 8205K, committed 8320K, reserved 1048576K
Event: 15.647 GC heap after
Heap after GC invocations=13 (full 3):
 PSYoungGen      total 214528K, used 0K [0x00000000e0000000, 0x00000000ee680000, 0x0000000100000000)
  eden space 195072K, 0% used [0x00000000e0000000,0x00000000e0000000,0x00000000ebe80000)
  from space 19456K, 0% used [0x00000000ed380000,0x00000000ed380000,0x00000000ee680000)
  to   space 20480K, 0% used [0x00000000ebe80000,0x00000000ebe80000,0x00000000ed280000)
 ParOldGen       total 147968K, used 34887K [0x00000000a0000000, 0x00000000a9080000, 0x00000000e0000000)
  object space 147968K, 23% used [0x00000000a0000000,0x00000000a2211cf8,0x00000000a9080000)
 Metaspace       used 57112K, capacity 58748K, committed 58968K, reserved 1099776K
  class space    used 7779K, capacity 8205K, committed 8320K, reserved 1048576K
}
Event: 20.753 GC heap before
{Heap before GC invocations=14 (full 3):
 PSYoungGen      total 214528K, used 195072K [0x00000000e0000000, 0x00000000ee680000, 0x0000000100000000)
  eden space 195072K, 100% used [0x00000000e0000000,0x00000000ebe80000,0x00000000ebe80000)
  from space 19456K, 0% used [0x00000000ed380000,0x00000000ed380000,0x00000000ee680000)
  to   space 20480K, 0% used [0x00000000ebe80000,0x00000000ebe80000,0x00000000ed280000)
 ParOldGen       total 147968K, used 34887K [0x00000000a0000000, 0x00000000a9080000, 0x00000000e0000000)
  object space 147968K, 23% used [0x00000000a0000000,0x00000000a2211cf8,0x00000000a9080000)
 Metaspace       used 63222K, capacity 64796K, committed 65112K, reserved 1105920K
  class space    used 8416K, capacity 8813K, committed 8832K, reserved 1048576K
Event: 20.795 GC heap after
Heap after GC invocations=14 (full 3):
 PSYoungGen      total 215552K, used 20472K [0x00000000e0000000, 0x00000000f1480000, 0x0000000100000000)
  eden space 195072K, 0% used [0x00000000e0000000,0x00000000e0000000,0x00000000ebe80000)
  from space 20480K, 99% used [0x00000000ebe80000,0x00000000ed27e3c0,0x00000000ed280000)
  to   space 26112K, 0% used [0x00000000efb00000,0x00000000efb00000,0x00000000f1480000)
 ParOldGen       total 147968K, used 43399K [0x00000000a0000000, 0x00000000a9080000, 0x00000000e0000000)
  object space 147968K, 29% used [0x00000000a0000000,0x00000000a2a61f18,0x00000000a9080000)
 Metaspace       used 63222K, capacity 64796K, committed 65112K, reserved 1105920K
  class space    used 8416K, capacity 8813K, committed 8832K, reserved 1048576K
}
Event: 32.163 GC heap before
{Heap before GC invocations=15 (full 3):
 PSYoungGen      total 215552K, used 215544K [0x00000000e0000000, 0x00000000f1480000, 0x0000000100000000)
  eden space 195072K, 100% used [0x00000000e0000000,0x00000000ebe80000,0x00000000ebe80000)
  from space 20480K, 99% used [0x00000000ebe80000,0x00000000ed27e3c0,0x00000000ed280000)
  to   space 26112K, 0% used [0x00000000efb00000,0x00000000efb00000,0x00000000f1480000)
 ParOldGen       total 147968K, used 43399K [0x00000000a0000000, 0x00000000a9080000, 0x00000000e0000000)
  object space 147968K, 29% used [0x00000000a0000000,0x00000000a2a61f18,0x00000000a9080000)
 Metaspace       used 70393K, capacity 72490K, committed 72536K, reserved 1112064K
  class space    used 9319K, capacity 9816K, committed 9856K, reserved 1048576K
Event: 32.195 GC heap after
Heap after GC invocations=15 (full 3):
 PSYoungGen      total 250368K, used 26092K [0x00000000e0000000, 0x00000000f1d00000, 0x0000000100000000)
  eden space 224256K, 0% used [0x00000000e0000000,0x00000000e0000000,0x00000000edb00000)
  from space 26112K, 99% used [0x00000000efb00000,0x00000000f147b0d0,0x00000000f1480000)
  to   space 32768K, 0% used [0x00000000edb00000,0x00000000edb00000,0x00000000efb00000)
 ParOldGen       total 147968K, used 50612K [0x00000000a0000000, 0x00000000a9080000, 0x00000000e0000000)
  object space 147968K, 34% used [0x00000000a0000000,0x00000000a316d188,0x00000000a9080000)
 Metaspace       used 70393K, capacity 72490K, committed 72536K, reserved 1112064K
  class space    used 9319K, capacity 9816K, committed 9856K, reserved 1048576K
}

