# JRE version: OpenJDK Runtime Environment (8.0_152-b01) (build 1.8.0_152-release-1248-b01)
# Java VM: OpenJDK 64-Bit Server VM (25.152-b01 mixed mode windows-amd64 compressed oops)
Heap:
 PSYoungGen      total 113664K, used 37204K [0x00000000e0000000, 0x00000000e9200000, 0x0000000100000000)
  eden space 102912K, 36% used [0x00000000e0000000,0x00000000e2455140,0x00000000e6480000)
  from space 10752K, 0% used [0x00000000e6480000,0x00000000e6480000,0x00000000e6f00000)
  to   space 10752K, 0% used [0x00000000e8780000,0x00000000e8780000,0x00000000e9200000)
 ParOldGen       total 59904K, used 16957K [0x00000000a0000000, 0x00000000a3a80000, 0x00000000e0000000)
  object space 59904K, 28% used [0x00000000a0000000,0x00000000a108f6b8,0x00000000a3a80000)
 Metaspace       used 40485K, capacity 41214K, committed 41560K, reserved 1085440K
  class space    used 5474K, capacity 5733K, committed 5760K, reserved 1048576K
GC Heap History (10 events):
Event: 6.083 GC heap before
{Heap before GC invocations=9 (full 1):
 PSYoungGen      total 71168K, used 67538K [0x00000000e0000000, 0x00000000e6400000, 0x0000000100000000)
  eden space 60928K, 100% used [0x00000000e0000000,0x00000000e3b80000,0x00000000e3b80000)
  from space 10240K, 64% used [0x00000000e3b80000,0x00000000e41f49d8,0x00000000e4580000)
  to   space 9728K, 0% used [0x00000000e5a80000,0x00000000e5a80000,0x00000000e6400000)
 ParOldGen       total 59904K, used 8193K [0x00000000a0000000, 0x00000000a3a80000, 0x00000000e0000000)
  object space 59904K, 13% used [0x00000000a0000000,0x00000000a0800768,0x00000000a3a80000)
 Metaspace       used 32876K, capacity 33378K, committed 33792K, reserved 1079296K
  class space    used 4539K, capacity 4750K, committed 4864K, reserved 1048576K
Event: 6.103 GC heap after
Heap after GC invocations=9 (full 1):
 PSYoungGen      total 91136K, used 9727K [0x00000000e0000000, 0x00000000e7380000, 0x0000000100000000)
  eden space 81408K, 0% used [0x00000000e0000000,0x00000000e0000000,0x00000000e4f80000)
  from space 9728K, 99% used [0x00000000e5a80000,0x00000000e63fff28,0x00000000e6400000)
  to   space 11264K, 0% used [0x00000000e4f80000,0x00000000e4f80000,0x00000000e5a80000)
 ParOldGen       total 59904K, used 9458K [0x00000000a0000000, 0x00000000a3a80000, 0x00000000e0000000)
  object space 59904K, 15% used [0x00000000a0000000,0x00000000a093cbe0,0x00000000a3a80000)
 Metaspace       used 32876K, capacity 33378K, committed 33792K, reserved 1079296K
  class space    used 4539K, capacity 4750K, committed 4864K, reserved 1048576K
}
Event: 14.435 GC heap before
{Heap before GC invocations=10 (full 1):
 PSYoungGen      total 91136K, used 91135K [0x00000000e0000000, 0x00000000e7380000, 0x0000000100000000)
  eden space 81408K, 100% used [0x00000000e0000000,0x00000000e4f80000,0x00000000e4f80000)
  from space 9728K, 99% used [0x00000000e5a80000,0x00000000e63fff28,0x00000000e6400000)
  to   space 11264K, 0% used [0x00000000e4f80000,0x00000000e4f80000,0x00000000e5a80000)
 ParOldGen       total 59904K, used 9458K [0x00000000a0000000, 0x00000000a3a80000, 0x00000000e0000000)
  object space 59904K, 15% used [0x00000000a0000000,0x00000000a093cbe0,0x00000000a3a80000)
 Metaspace       used 33877K, capacity 34478K, committed 34816K, reserved 1079296K
  class space    used 4627K, capacity 4822K, committed 4864K, reserved 1048576K
Event: 14.442 GC heap after
Heap after GC invocations=10 (full 1):
 PSYoungGen      total 92672K, used 6903K [0x00000000e0000000, 0x00000000e7c80000, 0x0000000100000000)
  eden space 81408K, 0% used [0x00000000e0000000,0x00000000e0000000,0x00000000e4f80000)
  from space 11264K, 61% used [0x00000000e4f80000,0x00000000e563de68,0x00000000e5a80000)
  to   space 10752K, 0% used [0x00000000e7200000,0x00000000e7200000,0x00000000e7c80000)
 ParOldGen       total 59904K, used 11134K [0x00000000a0000000, 0x00000000a3a80000, 0x00000000e0000000)
  object space 59904K, 18% used [0x00000000a0000000,0x00000000a0adf8e0,0x00000000a3a80000)
 Metaspace       used 33877K, capacity 34478K, committed 34816K, reserved 1079296K
  class space    used 4627K, capacity 4822K, committed 4864K, reserved 1048576K
}
Event: 21.657 GC heap before
{Heap before GC invocations=11 (full 1):
 PSYoungGen      total 92672K, used 88311K [0x00000000e0000000, 0x00000000e7c80000, 0x0000000100000000)
  eden space 81408K, 100% used [0x00000000e0000000,0x00000000e4f80000,0x00000000e4f80000)
  from space 11264K, 61% used [0x00000000e4f80000,0x00000000e563de68,0x00000000e5a80000)
  to   space 10752K, 0% used [0x00000000e7200000,0x00000000e7200000,0x00000000e7c80000)
 ParOldGen       total 59904K, used 11134K [0x00000000a0000000, 0x00000000a3a80000, 0x00000000e0000000)
  object space 59904K, 18% used [0x00000000a0000000,0x00000000a0adf8e0,0x00000000a3a80000)
 Metaspace       used 33878K, capacity 34478K, committed 34816K, reserved 1079296K
  class space    used 4627K, capacity 4822K, committed 4864K, reserved 1048576K
Event: 21.664 GC heap after
Heap after GC invocations=11 (full 1):
 PSYoungGen      total 110592K, used 4512K [0x00000000e0000000, 0x00000000e7980000, 0x0000000100000000)
  eden space 102912K, 0% used [0x00000000e0000000,0x00000000e0000000,0x00000000e6480000)
  from space 7680K, 58% used [0x00000000e7200000,0x00000000e76681e8,0x00000000e7980000)
  to   space 10752K, 0% used [0x00000000e6480000,0x00000000e6480000,0x00000000e6f00000)
 ParOldGen       total 59904K, used 13193K [0x00000000a0000000, 0x00000000a3a80000, 0x00000000e0000000)
  object space 59904K, 22% used [0x00000000a0000000,0x00000000a0ce2790,0x00000000a3a80000)
 Metaspace       used 33878K, capacity 34478K, committed 34816K, reserved 1079296K
  class space    used 4627K, capacity 4822K, committed 4864K, reserved 1048576K
}
Event: 24.273 GC heap before
{Heap before GC invocations=12 (full 1):
 PSYoungGen      total 110592K, used 45711K [0x00000000e0000000, 0x00000000e7980000, 0x0000000100000000)
  eden space 102912K, 40% used [0x00000000e0000000,0x00000000e283bb48,0x00000000e6480000)
  from space 7680K, 58% used [0x00000000e7200000,0x00000000e76681e8,0x00000000e7980000)
  to   space 10752K, 0% used [0x00000000e6480000,0x00000000e6480000,0x00000000e6f00000)
 ParOldGen       total 59904K, used 13193K [0x00000000a0000000, 0x00000000a3a80000, 0x00000000e0000000)
  object space 59904K, 22% used [0x00000000a0000000,0x00000000a0ce2790,0x00000000a3a80000)
 Metaspace       used 34621K, capacity 35284K, committed 35416K, reserved 1079296K
  class space    used 4742K, capacity 4963K, committed 4992K, reserved 1048576K
Event: 24.286 GC heap after
Heap after GC invocations=12 (full 1):
 PSYoungGen      total 113664K, used 6612K [0x00000000e0000000, 0x00000000e9200000, 0x0000000100000000)
  eden space 102912K, 0% used [0x00000000e0000000,0x00000000e0000000,0x00000000e6480000)
  from space 10752K, 61% used [0x00000000e6480000,0x00000000e6af5160,0x00000000e6f00000)
  to   space 10752K, 0% used [0x00000000e8780000,0x00000000e8780000,0x00000000e9200000)
 ParOldGen       total 59904K, used 13201K [0x00000000a0000000, 0x00000000a3a80000, 0x00000000e0000000)
  object space 59904K, 22% used [0x00000000a0000000,0x00000000a0ce4790,0x00000000a3a80000)
 Metaspace       used 34621K, capacity 35284K, committed 35416K, reserved 1079296K
  class space    used 4742K, capacity 4963K, committed 4992K, reserved 1048576K
}
Event: 24.286 GC heap before
{Heap before GC invocations=13 (full 2):
 PSYoungGen      total 113664K, used 6612K [0x00000000e0000000, 0x00000000e9200000, 0x0000000100000000)
  eden space 102912K, 0% used [0x00000000e0000000,0x00000000e0000000,0x00000000e6480000)
  from space 10752K, 61% used [0x00000000e6480000,0x00000000e6af5160,0x00000000e6f00000)
  to   space 10752K, 0% used [0x00000000e8780000,0x00000000e8780000,0x00000000e9200000)
 ParOldGen       total 59904K, used 13201K [0x00000000a0000000, 0x00000000a3a80000, 0x00000000e0000000)
  object space 59904K, 22% used [0x00000000a0000000,0x00000000a0ce4790,0x00000000a3a80000)
 Metaspace       used 34621K, capacity 35284K, committed 35416K, reserved 1079296K
  class space    used 4742K, capacity 4963K, committed 4992K, reserved 1048576K
Event: 24.490 GC heap after
Heap after GC invocations=13 (full 2):
 PSYoungGen      total 113664K, used 0K [0x00000000e0000000, 0x00000000e9200000, 0x0000000100000000)
  eden space 102912K, 0% used [0x00000000e0000000,0x00000000e0000000,0x00000000e6480000)
  from space 10752K, 0% used [0x00000000e6480000,0x00000000e6480000,0x00000000e6f00000)
  to   space 10752K, 0% used [0x00000000e8780000,0x00000000e8780000,0x00000000e9200000)
 ParOldGen       total 59904K, used 16957K [0x00000000a0000000, 0x00000000a3a80000, 0x00000000e0000000)
  object space 59904K, 28% used [0x00000000a0000000,0x00000000a108f6b8,0x00000000a3a80000)
 Metaspace       used 34609K, capacity 35260K, committed 35416K, reserved 1079296K
  class space    used 4739K, capacity 4959K, committed 4992K, reserved 1048576K
}

